{"C:\\Users\\Dell\\Desktop\\FastifyNovo2\\src\\config\\auth.ts": {"path":"C:\\Users\\Dell\\Desktop\\FastifyNovo2\\src\\config\\auth.ts","all":false,"statementMap":{"0":{"start":{"line":1,"column":0},"end":{"line":1,"column":15}},"1":{"start":{"line":2,"column":0},"end":{"line":2,"column":53}},"2":{"start":{"line":3,"column":0},"end":{"line":3,"column":26}},"3":{"start":{"line":4,"column":0},"end":{"line":4,"column":1}}},"s":{"0":1,"1":1,"2":1,"3":1},"branchMap":{"0":{"type":"branch","line":1,"loc":{"start":{"line":1,"column":0},"end":{"line":4,"column":1}},"locations":[{"start":{"line":1,"column":0},"end":{"line":4,"column":1}}]},"1":{"type":"branch","line":1,"loc":{"start":{"line":1,"column":0},"end":{"line":4,"column":1}},"locations":[{"start":{"line":1,"column":0},"end":{"line":4,"column":1}}]}},"b":{"0":[1],"1":[1]},"fnMap":{"0":{"name":"Object.<anonymous>","decl":{"start":{"line":1,"column":0},"end":{"line":4,"column":1}},"loc":{"start":{"line":1,"column":0},"end":{"line":4,"column":1}},"line":1}},"f":{"0":1}}
,"C:\\Users\\Dell\\Desktop\\FastifyNovo2\\src\\session\\createSessionUseCase.ts": {"path":"C:\\Users\\Dell\\Desktop\\FastifyNovo2\\src\\session\\createSessionUseCase.ts","all":false,"statementMap":{"0":{"start":{"line":1,"column":0},"end":{"line":1,"column":35}},"1":{"start":{"line":2,"column":0},"end":{"line":2,"column":34}},"2":{"start":{"line":3,"column":0},"end":{"line":3,"column":36}},"3":{"start":{"line":4,"column":0},"end":{"line":4,"column":71}},"4":{"start":{"line":5,"column":0},"end":{"line":5,"column":0}},"5":{"start":{"line":6,"column":0},"end":{"line":6,"column":19}},"6":{"start":{"line":7,"column":0},"end":{"line":7,"column":17}},"7":{"start":{"line":8,"column":0},"end":{"line":8,"column":20}},"8":{"start":{"line":9,"column":0},"end":{"line":9,"column":1}},"9":{"start":{"line":10,"column":0},"end":{"line":10,"column":0}},"10":{"start":{"line":11,"column":0},"end":{"line":11,"column":21}},"11":{"start":{"line":12,"column":0},"end":{"line":12,"column":11}},"12":{"start":{"line":13,"column":0},"end":{"line":13,"column":21}},"13":{"start":{"line":14,"column":0},"end":{"line":14,"column":22}},"14":{"start":{"line":15,"column":0},"end":{"line":15,"column":6}},"15":{"start":{"line":16,"column":0},"end":{"line":16,"column":18}},"16":{"start":{"line":17,"column":0},"end":{"line":17,"column":0}},"17":{"start":{"line":18,"column":0},"end":{"line":18,"column":1}},"18":{"start":{"line":19,"column":0},"end":{"line":19,"column":28}},"19":{"start":{"line":20,"column":0},"end":{"line":20,"column":61}},"20":{"start":{"line":21,"column":0},"end":{"line":21,"column":68}},"21":{"start":{"line":22,"column":0},"end":{"line":22,"column":49}},"22":{"start":{"line":23,"column":0},"end":{"line":23,"column":67}},"23":{"start":{"line":24,"column":0},"end":{"line":24,"column":39}},"24":{"start":{"line":25,"column":0},"end":{"line":25,"column":20}},"25":{"start":{"line":26,"column":0},"end":{"line":26,"column":59}},"26":{"start":{"line":27,"column":0},"end":{"line":27,"column":9}},"27":{"start":{"line":28,"column":0},"end":{"line":28,"column":53}},"28":{"start":{"line":29,"column":0},"end":{"line":29,"column":0}},"29":{"start":{"line":30,"column":0},"end":{"line":30,"column":69}},"30":{"start":{"line":31,"column":0},"end":{"line":31,"column":54}},"31":{"start":{"line":32,"column":0},"end":{"line":32,"column":0}},"32":{"start":{"line":33,"column":0},"end":{"line":33,"column":29}},"33":{"start":{"line":34,"column":0},"end":{"line":34,"column":59}},"34":{"start":{"line":35,"column":0},"end":{"line":35,"column":9}},"35":{"start":{"line":36,"column":0},"end":{"line":36,"column":0}},"36":{"start":{"line":37,"column":0},"end":{"line":37,"column":52}},"37":{"start":{"line":38,"column":0},"end":{"line":38,"column":29}},"38":{"start":{"line":39,"column":0},"end":{"line":39,"column":38}},"39":{"start":{"line":40,"column":0},"end":{"line":40,"column":11}},"40":{"start":{"line":41,"column":0},"end":{"line":41,"column":40}},"41":{"start":{"line":42,"column":0},"end":{"line":42,"column":19}},"42":{"start":{"line":43,"column":0},"end":{"line":43,"column":32}},"43":{"start":{"line":44,"column":0},"end":{"line":44,"column":34}},"44":{"start":{"line":45,"column":0},"end":{"line":45,"column":14}},"45":{"start":{"line":46,"column":0},"end":{"line":46,"column":18}},"46":{"start":{"line":47,"column":0},"end":{"line":47,"column":10}},"47":{"start":{"line":48,"column":0},"end":{"line":48,"column":0}},"48":{"start":{"line":49,"column":0},"end":{"line":49,"column":27}},"49":{"start":{"line":50,"column":0},"end":{"line":50,"column":0}},"50":{"start":{"line":51,"column":0},"end":{"line":51,"column":5}},"51":{"start":{"line":52,"column":0},"end":{"line":52,"column":1}},"52":{"start":{"line":53,"column":0},"end":{"line":53,"column":0}},"53":{"start":{"line":54,"column":0},"end":{"line":54,"column":32}}},"s":{"0":1,"1":1,"2":1,"3":1,"4":1,"5":1,"6":1,"7":1,"8":1,"9":1,"10":1,"11":1,"12":1,"13":1,"14":1,"15":1,"16":1,"17":1,"18":1,"19":1,"20":1,"21":1,"22":1,"23":1,"24":1,"25":1,"26":1,"27":0,"28":0,"29":0,"30":0,"31":0,"32":0,"33":0,"34":0,"35":0,"36":0,"37":0,"38":0,"39":0,"40":0,"41":0,"42":0,"43":0,"44":0,"45":0,"46":0,"47":0,"48":0,"49":0,"50":0,"51":1,"52":1,"53":1},"branchMap":{"0":{"type":"branch","line":20,"loc":{"start":{"line":20,"column":24},"end":{"line":20,"column":39}},"locations":[{"start":{"line":20,"column":24},"end":{"line":20,"column":39}}]},"1":{"type":"branch","line":20,"loc":{"start":{"line":20,"column":4},"end":{"line":20,"column":61}},"locations":[{"start":{"line":20,"column":4},"end":{"line":20,"column":61}}]},"2":{"type":"branch","line":21,"loc":{"start":{"line":21,"column":4},"end":{"line":51,"column":5}},"locations":[{"start":{"line":21,"column":4},"end":{"line":51,"column":5}}]},"3":{"type":"branch","line":28,"loc":{"start":{"line":28,"column":-2},"end":{"line":51,"column":5}},"locations":[{"start":{"line":28,"column":-2},"end":{"line":51,"column":5}}]}},"b":{"0":[3],"1":[3],"2":[1],"3":[0]},"fnMap":{"0":{"name":"<instance_members_initializer>","decl":{"start":{"line":20,"column":24},"end":{"line":20,"column":39}},"loc":{"start":{"line":20,"column":24},"end":{"line":20,"column":39}},"line":20},"1":{"name":"CreateSessionUseCase","decl":{"start":{"line":20,"column":4},"end":{"line":20,"column":61}},"loc":{"start":{"line":20,"column":4},"end":{"line":20,"column":61}},"line":20},"2":{"name":"execute","decl":{"start":{"line":21,"column":4},"end":{"line":51,"column":5}},"loc":{"start":{"line":21,"column":4},"end":{"line":51,"column":5}},"line":21}},"f":{"0":3,"1":3,"2":1}}
,"C:\\Users\\Dell\\Desktop\\FastifyNovo2\\src\\task\\entities\\task.ts": {"path":"C:\\Users\\Dell\\Desktop\\FastifyNovo2\\src\\task\\entities\\task.ts","all":false,"statementMap":{"0":{"start":{"line":1,"column":0},"end":{"line":1,"column":37}},"1":{"start":{"line":2,"column":0},"end":{"line":2,"column":36}},"2":{"start":{"line":3,"column":0},"end":{"line":3,"column":12}},"3":{"start":{"line":4,"column":0},"end":{"line":4,"column":14}},"4":{"start":{"line":5,"column":0},"end":{"line":5,"column":15}},"5":{"start":{"line":6,"column":0},"end":{"line":6,"column":18}},"6":{"start":{"line":7,"column":0},"end":{"line":7,"column":22}},"7":{"start":{"line":8,"column":0},"end":{"line":8,"column":16}},"8":{"start":{"line":9,"column":0},"end":{"line":9,"column":20}},"9":{"start":{"line":10,"column":0},"end":{"line":10,"column":18}},"10":{"start":{"line":11,"column":0},"end":{"line":11,"column":0}},"11":{"start":{"line":12,"column":0},"end":{"line":12,"column":75}},"12":{"start":{"line":13,"column":0},"end":{"line":13,"column":4}},"13":{"start":{"line":14,"column":0},"end":{"line":14,"column":20}},"14":{"start":{"line":15,"column":0},"end":{"line":15,"column":27}},"15":{"start":{"line":16,"column":0},"end":{"line":16,"column":35}},"16":{"start":{"line":17,"column":0},"end":{"line":17,"column":33}},"17":{"start":{"line":18,"column":0},"end":{"line":18,"column":32}},"18":{"start":{"line":19,"column":0},"end":{"line":19,"column":21}},"19":{"start":{"line":20,"column":0},"end":{"line":20,"column":19}},"20":{"start":{"line":21,"column":0},"end":{"line":21,"column":25}},"21":{"start":{"line":22,"column":0},"end":{"line":22,"column":5}},"22":{"start":{"line":23,"column":0},"end":{"line":23,"column":3}},"23":{"start":{"line":24,"column":0},"end":{"line":24,"column":1}},"24":{"start":{"line":25,"column":0},"end":{"line":25,"column":14}}},"s":{"0":1,"1":1,"2":1,"3":1,"4":2,"5":2,"6":2,"7":2,"8":2,"9":1,"10":1,"11":1,"12":2,"13":2,"14":2,"15":2,"16":2,"17":2,"18":2,"19":2,"20":2,"21":2,"22":2,"23":1,"24":1},"branchMap":{"0":{"type":"branch","line":4,"loc":{"start":{"line":4,"column":2},"end":{"line":10,"column":11}},"locations":[{"start":{"line":4,"column":2},"end":{"line":10,"column":11}}]},"1":{"type":"branch","line":12,"loc":{"start":{"line":12,"column":2},"end":{"line":23,"column":3}},"locations":[{"start":{"line":12,"column":2},"end":{"line":23,"column":3}}]}},"b":{"0":[2],"1":[2]},"fnMap":{"0":{"name":"<instance_members_initializer>","decl":{"start":{"line":4,"column":2},"end":{"line":10,"column":11}},"loc":{"start":{"line":4,"column":2},"end":{"line":10,"column":11}},"line":4},"1":{"name":"Task","decl":{"start":{"line":12,"column":2},"end":{"line":23,"column":3}},"loc":{"start":{"line":12,"column":2},"end":{"line":23,"column":3}},"line":12}},"f":{"0":2,"1":2}}
,"C:\\Users\\Dell\\Desktop\\FastifyNovo2\\src\\task\\repositories\\tasksRepositoryInMemory.ts": {"path":"C:\\Users\\Dell\\Desktop\\FastifyNovo2\\src\\task\\repositories\\tasksRepositoryInMemory.ts","all":false,"statementMap":{"0":{"start":{"line":1,"column":0},"end":{"line":1,"column":69}},"1":{"start":{"line":2,"column":0},"end":{"line":2,"column":40}},"2":{"start":{"line":3,"column":0},"end":{"line":3,"column":0}},"3":{"start":{"line":4,"column":0},"end":{"line":4,"column":59}},"4":{"start":{"line":5,"column":0},"end":{"line":5,"column":48}},"5":{"start":{"line":6,"column":0},"end":{"line":6,"column":47}},"6":{"start":{"line":7,"column":0},"end":{"line":7,"column":3}},"7":{"start":{"line":8,"column":0},"end":{"line":8,"column":0}},"8":{"start":{"line":9,"column":0},"end":{"line":9,"column":0}},"9":{"start":{"line":10,"column":0},"end":{"line":10,"column":21}},"10":{"start":{"line":11,"column":0},"end":{"line":11,"column":0}},"11":{"start":{"line":12,"column":0},"end":{"line":12,"column":16}},"12":{"start":{"line":13,"column":0},"end":{"line":13,"column":9}},"13":{"start":{"line":14,"column":0},"end":{"line":14,"column":12}},"14":{"start":{"line":15,"column":0},"end":{"line":15,"column":16}},"15":{"start":{"line":16,"column":0},"end":{"line":16,"column":8}},"16":{"start":{"line":17,"column":0},"end":{"line":17,"column":0}},"17":{"start":{"line":18,"column":0},"end":{"line":18,"column":0}},"18":{"start":{"line":19,"column":0},"end":{"line":19,"column":0}},"19":{"start":{"line":20,"column":0},"end":{"line":20,"column":37}},"20":{"start":{"line":21,"column":0},"end":{"line":21,"column":0}},"21":{"start":{"line":22,"column":0},"end":{"line":22,"column":60}},"22":{"start":{"line":23,"column":0},"end":{"line":23,"column":0}},"23":{"start":{"line":24,"column":0},"end":{"line":24,"column":25}},"24":{"start":{"line":25,"column":0},"end":{"line":25,"column":11}},"25":{"start":{"line":26,"column":0},"end":{"line":26,"column":14}},"26":{"start":{"line":27,"column":0},"end":{"line":27,"column":18}},"27":{"start":{"line":28,"column":0},"end":{"line":28,"column":0}},"28":{"start":{"line":29,"column":0},"end":{"line":29,"column":29}},"29":{"start":{"line":30,"column":0},"end":{"line":30,"column":29}},"30":{"start":{"line":31,"column":0},"end":{"line":31,"column":0}},"31":{"start":{"line":32,"column":0},"end":{"line":32,"column":7}},"32":{"start":{"line":33,"column":0},"end":{"line":33,"column":26}},"33":{"start":{"line":34,"column":0},"end":{"line":34,"column":16}},"34":{"start":{"line":35,"column":0},"end":{"line":35,"column":3}},"35":{"start":{"line":36,"column":0},"end":{"line":36,"column":0}},"36":{"start":{"line":37,"column":0},"end":{"line":37,"column":49}},"37":{"start":{"line":38,"column":0},"end":{"line":38,"column":63}},"38":{"start":{"line":39,"column":0},"end":{"line":39,"column":23}},"39":{"start":{"line":40,"column":0},"end":{"line":40,"column":3}},"40":{"start":{"line":41,"column":0},"end":{"line":41,"column":0}},"41":{"start":{"line":42,"column":0},"end":{"line":42,"column":40}},"42":{"start":{"line":43,"column":0},"end":{"line":43,"column":22}},"43":{"start":{"line":44,"column":0},"end":{"line":44,"column":3}},"44":{"start":{"line":45,"column":0},"end":{"line":45,"column":0}},"45":{"start":{"line":46,"column":0},"end":{"line":46,"column":80}},"46":{"start":{"line":47,"column":0},"end":{"line":47,"column":0}},"47":{"start":{"line":48,"column":0},"end":{"line":48,"column":47}},"48":{"start":{"line":49,"column":0},"end":{"line":49,"column":3}},"49":{"start":{"line":50,"column":0},"end":{"line":50,"column":39}},"50":{"start":{"line":51,"column":0},"end":{"line":51,"column":0}},"51":{"start":{"line":52,"column":0},"end":{"line":52,"column":59}},"52":{"start":{"line":53,"column":0},"end":{"line":53,"column":23}},"53":{"start":{"line":54,"column":0},"end":{"line":54,"column":3}},"54":{"start":{"line":55,"column":0},"end":{"line":55,"column":1}},"55":{"start":{"line":56,"column":0},"end":{"line":56,"column":47}},"56":{"start":{"line":57,"column":0},"end":{"line":57,"column":31}},"57":{"start":{"line":58,"column":0},"end":{"line":58,"column":0}},"58":{"start":{"line":59,"column":0},"end":{"line":59,"column":3}},"59":{"start":{"line":60,"column":0},"end":{"line":60,"column":0}},"60":{"start":{"line":61,"column":0},"end":{"line":61,"column":1}},"61":{"start":{"line":62,"column":0},"end":{"line":62,"column":0}},"62":{"start":{"line":63,"column":0},"end":{"line":63,"column":35}}},"s":{"0":1,"1":1,"2":1,"3":1,"4":1,"5":0,"6":0,"7":1,"8":1,"9":1,"10":1,"11":1,"12":2,"13":2,"14":2,"15":2,"16":2,"17":2,"18":2,"19":2,"20":2,"21":2,"22":2,"23":2,"24":2,"25":2,"26":2,"27":2,"28":2,"29":2,"30":2,"31":2,"32":2,"33":2,"34":2,"35":1,"36":1,"37":1,"38":1,"39":1,"40":1,"41":1,"42":1,"43":1,"44":1,"45":1,"46":0,"47":0,"48":0,"49":1,"50":0,"51":0,"52":0,"53":0,"54":1,"55":1,"56":0,"57":0,"58":0,"59":1,"60":1,"61":1,"62":1},"branchMap":{"0":{"type":"branch","line":10,"loc":{"start":{"line":10,"column":2},"end":{"line":10,"column":20}},"locations":[{"start":{"line":10,"column":2},"end":{"line":10,"column":20}}]},"1":{"type":"branch","line":12,"loc":{"start":{"line":12,"column":2},"end":{"line":35,"column":3}},"locations":[{"start":{"line":12,"column":2},"end":{"line":35,"column":3}}]},"2":{"type":"branch","line":37,"loc":{"start":{"line":37,"column":2},"end":{"line":40,"column":3}},"locations":[{"start":{"line":37,"column":2},"end":{"line":40,"column":3}}]},"3":{"type":"branch","line":42,"loc":{"start":{"line":42,"column":2},"end":{"line":44,"column":3}},"locations":[{"start":{"line":42,"column":2},"end":{"line":44,"column":3}}]}},"b":{"0":[2],"1":[2],"2":[1],"3":[1]},"fnMap":{"0":{"name":"update","decl":{"start":{"line":5,"column":2},"end":{"line":7,"column":3}},"loc":{"start":{"line":5,"column":2},"end":{"line":7,"column":3}},"line":5},"1":{"name":"<instance_members_initializer>","decl":{"start":{"line":10,"column":2},"end":{"line":10,"column":20}},"loc":{"start":{"line":10,"column":2},"end":{"line":10,"column":20}},"line":10},"2":{"name":"create","decl":{"start":{"line":12,"column":2},"end":{"line":35,"column":3}},"loc":{"start":{"line":12,"column":2},"end":{"line":35,"column":3}},"line":12},"3":{"name":"findByName","decl":{"start":{"line":37,"column":2},"end":{"line":40,"column":3}},"loc":{"start":{"line":37,"column":2},"end":{"line":40,"column":3}},"line":37},"4":{"name":"listAllTask","decl":{"start":{"line":42,"column":2},"end":{"line":44,"column":3}},"loc":{"start":{"line":42,"column":2},"end":{"line":44,"column":3}},"line":42},"5":{"name":"findByDone","decl":{"start":{"line":46,"column":2},"end":{"line":49,"column":3}},"loc":{"start":{"line":46,"column":2},"end":{"line":49,"column":3}},"line":46},"6":{"name":"findById","decl":{"start":{"line":50,"column":2},"end":{"line":54,"column":3}},"loc":{"start":{"line":50,"column":2},"end":{"line":54,"column":3}},"line":50},"7":{"name":"deleteById","decl":{"start":{"line":56,"column":2},"end":{"line":59,"column":3}},"loc":{"start":{"line":56,"column":2},"end":{"line":59,"column":3}},"line":56}},"f":{"0":0,"1":2,"2":2,"3":1,"4":1,"5":0,"6":0,"7":0}}
,"C:\\Users\\Dell\\Desktop\\FastifyNovo2\\src\\task\\useCases\\createTask\\taskUseCase.ts": {"path":"C:\\Users\\Dell\\Desktop\\FastifyNovo2\\src\\task\\useCases\\createTask\\taskUseCase.ts","all":false,"statementMap":{"0":{"start":{"line":1,"column":0},"end":{"line":1,"column":72}},"1":{"start":{"line":2,"column":0},"end":{"line":2,"column":43}},"2":{"start":{"line":3,"column":0},"end":{"line":3,"column":0}},"3":{"start":{"line":4,"column":0},"end":{"line":4,"column":0}},"4":{"start":{"line":5,"column":0},"end":{"line":5,"column":0}},"5":{"start":{"line":6,"column":0},"end":{"line":6,"column":25}},"6":{"start":{"line":7,"column":0},"end":{"line":7,"column":57}},"7":{"start":{"line":8,"column":0},"end":{"line":8,"column":0}},"8":{"start":{"line":9,"column":0},"end":{"line":9,"column":3}},"9":{"start":{"line":10,"column":0},"end":{"line":10,"column":86}},"10":{"start":{"line":11,"column":0},"end":{"line":11,"column":0}},"11":{"start":{"line":12,"column":0},"end":{"line":12,"column":67}},"12":{"start":{"line":13,"column":0},"end":{"line":13,"column":0}},"13":{"start":{"line":14,"column":0},"end":{"line":14,"column":34}},"14":{"start":{"line":15,"column":0},"end":{"line":15,"column":41}},"15":{"start":{"line":16,"column":0},"end":{"line":16,"column":5}},"16":{"start":{"line":17,"column":0},"end":{"line":17,"column":0}},"17":{"start":{"line":18,"column":0},"end":{"line":18,"column":82}},"18":{"start":{"line":19,"column":0},"end":{"line":19,"column":3}},"19":{"start":{"line":20,"column":0},"end":{"line":20,"column":0}},"20":{"start":{"line":21,"column":0},"end":{"line":21,"column":16}},"21":{"start":{"line":22,"column":0},"end":{"line":22,"column":0}},"22":{"start":{"line":23,"column":0},"end":{"line":23,"column":3}},"23":{"start":{"line":24,"column":0},"end":{"line":24,"column":1}},"24":{"start":{"line":25,"column":0},"end":{"line":25,"column":29}}},"s":{"0":1,"1":1,"2":1,"3":1,"4":1,"5":1,"6":1,"7":1,"8":1,"9":1,"10":1,"11":1,"12":1,"13":1,"14":0,"15":0,"16":1,"17":1,"18":1,"19":1,"20":1,"21":1,"22":1,"23":1,"24":1},"branchMap":{"0":{"type":"branch","line":7,"loc":{"start":{"line":7,"column":22},"end":{"line":7,"column":36}},"locations":[{"start":{"line":7,"column":22},"end":{"line":7,"column":36}}]},"1":{"type":"branch","line":7,"loc":{"start":{"line":7,"column":2},"end":{"line":9,"column":3}},"locations":[{"start":{"line":7,"column":2},"end":{"line":9,"column":3}}]},"2":{"type":"branch","line":10,"loc":{"start":{"line":10,"column":2},"end":{"line":23,"column":3}},"locations":[{"start":{"line":10,"column":2},"end":{"line":23,"column":3}}]},"3":{"type":"branch","line":14,"loc":{"start":{"line":14,"column":33},"end":{"line":16,"column":5}},"locations":[{"start":{"line":14,"column":33},"end":{"line":16,"column":5}}]}},"b":{"0":[1],"1":[1],"2":[1],"3":[0]},"fnMap":{"0":{"name":"<instance_members_initializer>","decl":{"start":{"line":7,"column":22},"end":{"line":7,"column":36}},"loc":{"start":{"line":7,"column":22},"end":{"line":7,"column":36}},"line":7},"1":{"name":"CreateTaskUseCase","decl":{"start":{"line":7,"column":2},"end":{"line":9,"column":3}},"loc":{"start":{"line":7,"column":2},"end":{"line":9,"column":3}},"line":7},"2":{"name":"execute","decl":{"start":{"line":10,"column":2},"end":{"line":23,"column":3}},"loc":{"start":{"line":10,"column":2},"end":{"line":23,"column":3}},"line":10}},"f":{"0":1,"1":1,"2":1}}
,"C:\\Users\\Dell\\Desktop\\FastifyNovo2\\src\\task\\useCases\\listTask\\listTasksUseCase.ts": {"path":"C:\\Users\\Dell\\Desktop\\FastifyNovo2\\src\\task\\useCases\\listTask\\listTasksUseCase.ts","all":false,"statementMap":{"0":{"start":{"line":1,"column":0},"end":{"line":1,"column":56}},"1":{"start":{"line":2,"column":0},"end":{"line":2,"column":43}},"2":{"start":{"line":3,"column":0},"end":{"line":3,"column":0}},"3":{"start":{"line":4,"column":0},"end":{"line":4,"column":0}},"4":{"start":{"line":5,"column":0},"end":{"line":5,"column":24}},"5":{"start":{"line":6,"column":0},"end":{"line":6,"column":14}},"6":{"start":{"line":7,"column":0},"end":{"line":7,"column":45}},"7":{"start":{"line":8,"column":0},"end":{"line":8,"column":7}},"8":{"start":{"line":9,"column":0},"end":{"line":9,"column":36}},"9":{"start":{"line":10,"column":0},"end":{"line":10,"column":53}},"10":{"start":{"line":11,"column":0},"end":{"line":11,"column":17}},"11":{"start":{"line":12,"column":0},"end":{"line":12,"column":3}},"12":{"start":{"line":13,"column":0},"end":{"line":13,"column":0}},"13":{"start":{"line":14,"column":0},"end":{"line":14,"column":1}},"14":{"start":{"line":15,"column":0},"end":{"line":15,"column":0}},"15":{"start":{"line":16,"column":0},"end":{"line":16,"column":28}}},"s":{"0":1,"1":1,"2":1,"3":1,"4":1,"5":1,"6":1,"7":1,"8":1,"9":1,"10":1,"11":1,"12":1,"13":1,"14":1,"15":1},"branchMap":{"0":{"type":"branch","line":7,"loc":{"start":{"line":7,"column":12},"end":{"line":7,"column":27}},"locations":[{"start":{"line":7,"column":12},"end":{"line":7,"column":27}}]},"1":{"type":"branch","line":6,"loc":{"start":{"line":6,"column":2},"end":{"line":8,"column":7}},"locations":[{"start":{"line":6,"column":2},"end":{"line":8,"column":7}}]},"2":{"type":"branch","line":9,"loc":{"start":{"line":9,"column":2},"end":{"line":12,"column":3}},"locations":[{"start":{"line":9,"column":2},"end":{"line":12,"column":3}}]}},"b":{"0":[1],"1":[1],"2":[1]},"fnMap":{"0":{"name":"<instance_members_initializer>","decl":{"start":{"line":7,"column":12},"end":{"line":7,"column":27}},"loc":{"start":{"line":7,"column":12},"end":{"line":7,"column":27}},"line":7},"1":{"name":"ListTasksUseCase","decl":{"start":{"line":6,"column":2},"end":{"line":8,"column":7}},"loc":{"start":{"line":6,"column":2},"end":{"line":8,"column":7}},"line":6},"2":{"name":"execute","decl":{"start":{"line":9,"column":2},"end":{"line":12,"column":3}},"loc":{"start":{"line":9,"column":2},"end":{"line":12,"column":3}},"line":9}},"f":{"0":1,"1":1,"2":1}}
,"C:\\Users\\Dell\\Desktop\\FastifyNovo2\\src\\user\\dto\\userModel.ts": {"path":"C:\\Users\\Dell\\Desktop\\FastifyNovo2\\src\\user\\dto\\userModel.ts","all":false,"statementMap":{"0":{"start":{"line":1,"column":0},"end":{"line":1,"column":36}},"1":{"start":{"line":2,"column":0},"end":{"line":2,"column":12}},"2":{"start":{"line":3,"column":0},"end":{"line":3,"column":14}},"3":{"start":{"line":4,"column":0},"end":{"line":4,"column":15}},"4":{"start":{"line":5,"column":0},"end":{"line":5,"column":16}},"5":{"start":{"line":6,"column":0},"end":{"line":6,"column":19}},"6":{"start":{"line":7,"column":0},"end":{"line":7,"column":18}},"7":{"start":{"line":8,"column":0},"end":{"line":8,"column":42}},"8":{"start":{"line":9,"column":0},"end":{"line":9,"column":18}},"9":{"start":{"line":10,"column":0},"end":{"line":10,"column":20}},"10":{"start":{"line":11,"column":0},"end":{"line":11,"column":18}},"11":{"start":{"line":12,"column":0},"end":{"line":12,"column":0}},"12":{"start":{"line":13,"column":0},"end":{"line":13,"column":127}},"13":{"start":{"line":14,"column":0},"end":{"line":14,"column":3}},"14":{"start":{"line":15,"column":0},"end":{"line":15,"column":20}},"15":{"start":{"line":16,"column":0},"end":{"line":16,"column":23}},"16":{"start":{"line":17,"column":0},"end":{"line":17,"column":29}},"17":{"start":{"line":18,"column":0},"end":{"line":18,"column":25}},"18":{"start":{"line":19,"column":0},"end":{"line":19,"column":27}},"19":{"start":{"line":20,"column":0},"end":{"line":20,"column":35}},"20":{"start":{"line":21,"column":0},"end":{"line":21,"column":33}},"21":{"start":{"line":22,"column":0},"end":{"line":22,"column":32}},"22":{"start":{"line":23,"column":0},"end":{"line":23,"column":19}},"23":{"start":{"line":24,"column":0},"end":{"line":24,"column":25}},"24":{"start":{"line":25,"column":0},"end":{"line":25,"column":5}},"25":{"start":{"line":26,"column":0},"end":{"line":26,"column":4}},"26":{"start":{"line":27,"column":0},"end":{"line":27,"column":3}},"27":{"start":{"line":28,"column":0},"end":{"line":28,"column":1}},"28":{"start":{"line":29,"column":0},"end":{"line":29,"column":14}}},"s":{"0":1,"1":1,"2":1,"3":0,"4":0,"5":0,"6":0,"7":0,"8":0,"9":0,"10":1,"11":1,"12":1,"13":0,"14":0,"15":0,"16":0,"17":0,"18":0,"19":0,"20":0,"21":0,"22":0,"23":0,"24":0,"25":0,"26":0,"27":1,"28":1},"branchMap":{},"b":{},"fnMap":{"0":{"name":"<instance_members_initializer>","decl":{"start":{"line":3,"column":2},"end":{"line":11,"column":11}},"loc":{"start":{"line":3,"column":2},"end":{"line":11,"column":11}},"line":3},"1":{"name":"User","decl":{"start":{"line":13,"column":2},"end":{"line":27,"column":3}},"loc":{"start":{"line":13,"column":2},"end":{"line":27,"column":3}},"line":13}},"f":{"0":0,"1":0}}
,"C:\\Users\\Dell\\Desktop\\FastifyNovo2\\src\\user\\repositories\\usersRepositoryInMemory.ts": {"path":"C:\\Users\\Dell\\Desktop\\FastifyNovo2\\src\\user\\repositories\\usersRepositoryInMemory.ts","all":false,"statementMap":{"0":{"start":{"line":1,"column":0},"end":{"line":1,"column":40}},"1":{"start":{"line":2,"column":0},"end":{"line":2,"column":69}},"2":{"start":{"line":3,"column":0},"end":{"line":3,"column":0}},"3":{"start":{"line":4,"column":0},"end":{"line":4,"column":0}},"4":{"start":{"line":5,"column":0},"end":{"line":5,"column":0}},"5":{"start":{"line":6,"column":0},"end":{"line":6,"column":59}},"6":{"start":{"line":7,"column":0},"end":{"line":7,"column":0}},"7":{"start":{"line":8,"column":0},"end":{"line":8,"column":21}},"8":{"start":{"line":9,"column":0},"end":{"line":9,"column":0}},"9":{"start":{"line":10,"column":0},"end":{"line":10,"column":16}},"10":{"start":{"line":11,"column":0},"end":{"line":11,"column":9}},"11":{"start":{"line":12,"column":0},"end":{"line":12,"column":10}},"12":{"start":{"line":13,"column":0},"end":{"line":13,"column":13}},"13":{"start":{"line":14,"column":0},"end":{"line":14,"column":11}},"14":{"start":{"line":15,"column":0},"end":{"line":15,"column":12}},"15":{"start":{"line":16,"column":0},"end":{"line":16,"column":16}},"16":{"start":{"line":17,"column":0},"end":{"line":17,"column":4}},"17":{"start":{"line":18,"column":0},"end":{"line":18,"column":37}},"18":{"start":{"line":19,"column":0},"end":{"line":19,"column":91}},"19":{"start":{"line":20,"column":0},"end":{"line":20,"column":0}},"20":{"start":{"line":21,"column":0},"end":{"line":21,"column":25}},"21":{"start":{"line":22,"column":0},"end":{"line":22,"column":11}},"22":{"start":{"line":23,"column":0},"end":{"line":23,"column":12}},"23":{"start":{"line":24,"column":0},"end":{"line":24,"column":15}},"24":{"start":{"line":25,"column":0},"end":{"line":25,"column":13}},"25":{"start":{"line":26,"column":0},"end":{"line":26,"column":14}},"26":{"start":{"line":27,"column":0},"end":{"line":27,"column":18}},"27":{"start":{"line":28,"column":0},"end":{"line":28,"column":7}},"28":{"start":{"line":29,"column":0},"end":{"line":29,"column":0}},"29":{"start":{"line":30,"column":0},"end":{"line":30,"column":26}},"30":{"start":{"line":31,"column":0},"end":{"line":31,"column":0}},"31":{"start":{"line":32,"column":0},"end":{"line":32,"column":16}},"32":{"start":{"line":33,"column":0},"end":{"line":33,"column":3}},"33":{"start":{"line":34,"column":0},"end":{"line":34,"column":0}},"34":{"start":{"line":35,"column":0},"end":{"line":35,"column":51}},"35":{"start":{"line":36,"column":0},"end":{"line":36,"column":0}},"36":{"start":{"line":37,"column":0},"end":{"line":37,"column":65}},"37":{"start":{"line":38,"column":0},"end":{"line":38,"column":0}},"38":{"start":{"line":39,"column":0},"end":{"line":39,"column":24}},"39":{"start":{"line":40,"column":0},"end":{"line":40,"column":0}},"40":{"start":{"line":41,"column":0},"end":{"line":41,"column":3}},"41":{"start":{"line":42,"column":0},"end":{"line":42,"column":0}},"42":{"start":{"line":43,"column":0},"end":{"line":43,"column":45}},"43":{"start":{"line":44,"column":0},"end":{"line":44,"column":59}},"44":{"start":{"line":45,"column":0},"end":{"line":45,"column":24}},"45":{"start":{"line":46,"column":0},"end":{"line":46,"column":3}},"46":{"start":{"line":47,"column":0},"end":{"line":47,"column":0}},"47":{"start":{"line":48,"column":0},"end":{"line":48,"column":40}},"48":{"start":{"line":49,"column":0},"end":{"line":49,"column":22}},"49":{"start":{"line":50,"column":0},"end":{"line":50,"column":3}},"50":{"start":{"line":51,"column":0},"end":{"line":51,"column":48}},"51":{"start":{"line":52,"column":0},"end":{"line":52,"column":47}},"52":{"start":{"line":53,"column":0},"end":{"line":53,"column":3}},"53":{"start":{"line":54,"column":0},"end":{"line":54,"column":1}},"54":{"start":{"line":55,"column":0},"end":{"line":55,"column":0}},"55":{"start":{"line":56,"column":0},"end":{"line":56,"column":35}}},"s":{"0":1,"1":1,"2":1,"3":1,"4":1,"5":1,"6":1,"7":1,"8":1,"9":1,"10":0,"11":0,"12":0,"13":0,"14":0,"15":0,"16":0,"17":0,"18":0,"19":0,"20":0,"21":0,"22":0,"23":0,"24":0,"25":0,"26":0,"27":0,"28":0,"29":0,"30":0,"31":0,"32":0,"33":1,"34":1,"35":3,"36":3,"37":3,"38":3,"39":3,"40":3,"41":1,"42":1,"43":0,"44":0,"45":0,"46":1,"47":1,"48":0,"49":0,"50":1,"51":0,"52":0,"53":1,"54":1,"55":1},"branchMap":{"0":{"type":"branch","line":8,"loc":{"start":{"line":8,"column":2},"end":{"line":8,"column":20}},"locations":[{"start":{"line":8,"column":2},"end":{"line":8,"column":20}}]},"1":{"type":"branch","line":35,"loc":{"start":{"line":35,"column":2},"end":{"line":41,"column":3}},"locations":[{"start":{"line":35,"column":2},"end":{"line":41,"column":3}}]}},"b":{"0":[4],"1":[3]},"fnMap":{"0":{"name":"<instance_members_initializer>","decl":{"start":{"line":8,"column":2},"end":{"line":8,"column":20}},"loc":{"start":{"line":8,"column":2},"end":{"line":8,"column":20}},"line":8},"1":{"name":"create","decl":{"start":{"line":10,"column":2},"end":{"line":33,"column":3}},"loc":{"start":{"line":10,"column":2},"end":{"line":33,"column":3}},"line":10},"2":{"name":"findByEmail","decl":{"start":{"line":35,"column":2},"end":{"line":41,"column":3}},"loc":{"start":{"line":35,"column":2},"end":{"line":41,"column":3}},"line":35},"3":{"name":"findById","decl":{"start":{"line":43,"column":2},"end":{"line":46,"column":3}},"loc":{"start":{"line":43,"column":2},"end":{"line":46,"column":3}},"line":43},"4":{"name":"listAllUser","decl":{"start":{"line":48,"column":2},"end":{"line":50,"column":3}},"loc":{"start":{"line":48,"column":2},"end":{"line":50,"column":3}},"line":48},"5":{"name":"update","decl":{"start":{"line":51,"column":2},"end":{"line":53,"column":3}},"loc":{"start":{"line":51,"column":2},"end":{"line":53,"column":3}},"line":51}},"f":{"0":4,"1":0,"2":3,"3":0,"4":0,"5":0}}
,"C:\\Users\\Dell\\Desktop\\FastifyNovo2\\src\\user\\useCases\\createUser\\createUserUseCase.ts.ts": {"path":"C:\\Users\\Dell\\Desktop\\FastifyNovo2\\src\\user\\useCases\\createUser\\createUserUseCase.ts.ts","all":false,"statementMap":{"0":{"start":{"line":1,"column":0},"end":{"line":1,"column":32}},"1":{"start":{"line":2,"column":0},"end":{"line":2,"column":75}},"2":{"start":{"line":3,"column":0},"end":{"line":3,"column":46}},"3":{"start":{"line":4,"column":0},"end":{"line":4,"column":0}},"4":{"start":{"line":5,"column":0},"end":{"line":5,"column":0}},"5":{"start":{"line":6,"column":0},"end":{"line":6,"column":0}},"6":{"start":{"line":7,"column":0},"end":{"line":7,"column":25}},"7":{"start":{"line":8,"column":0},"end":{"line":8,"column":60}},"8":{"start":{"line":9,"column":0},"end":{"line":9,"column":0}},"9":{"start":{"line":10,"column":0},"end":{"line":10,"column":112}},"10":{"start":{"line":11,"column":0},"end":{"line":11,"column":3}},"11":{"start":{"line":12,"column":0},"end":{"line":12,"column":77}},"12":{"start":{"line":13,"column":0},"end":{"line":13,"column":0}},"13":{"start":{"line":14,"column":0},"end":{"line":14,"column":29}},"14":{"start":{"line":15,"column":0},"end":{"line":15,"column":47}},"15":{"start":{"line":16,"column":0},"end":{"line":16,"column":5}},"16":{"start":{"line":17,"column":0},"end":{"line":17,"column":38}},"17":{"start":{"line":18,"column":0},"end":{"line":18,"column":50}},"18":{"start":{"line":19,"column":0},"end":{"line":19,"column":5}},"19":{"start":{"line":20,"column":0},"end":{"line":20,"column":49}},"20":{"start":{"line":21,"column":0},"end":{"line":21,"column":107}},"21":{"start":{"line":22,"column":0},"end":{"line":22,"column":0}},"22":{"start":{"line":23,"column":0},"end":{"line":23,"column":16}},"23":{"start":{"line":24,"column":0},"end":{"line":24,"column":0}},"24":{"start":{"line":25,"column":0},"end":{"line":25,"column":3}},"25":{"start":{"line":26,"column":0},"end":{"line":26,"column":1}},"26":{"start":{"line":27,"column":0},"end":{"line":27,"column":29}}},"s":{"0":1,"1":1,"2":1,"3":1,"4":1,"5":1,"6":1,"7":1,"8":1,"9":1,"10":2,"11":2,"12":2,"13":2,"14":0,"15":0,"16":2,"17":2,"18":2,"19":0,"20":0,"21":0,"22":0,"23":0,"24":0,"25":1,"26":1},"branchMap":{"0":{"type":"branch","line":8,"loc":{"start":{"line":8,"column":22},"end":{"line":8,"column":37}},"locations":[{"start":{"line":8,"column":22},"end":{"line":8,"column":37}}]},"1":{"type":"branch","line":8,"loc":{"start":{"line":8,"column":2},"end":{"line":8,"column":60}},"locations":[{"start":{"line":8,"column":2},"end":{"line":8,"column":60}}]},"2":{"type":"branch","line":10,"loc":{"start":{"line":10,"column":2},"end":{"line":25,"column":3}},"locations":[{"start":{"line":10,"column":2},"end":{"line":25,"column":3}}]},"3":{"type":"branch","line":14,"loc":{"start":{"line":14,"column":28},"end":{"line":16,"column":5}},"locations":[{"start":{"line":14,"column":28},"end":{"line":16,"column":5}}]},"4":{"type":"branch","line":20,"loc":{"start":{"line":20,"column":-2},"end":{"line":25,"column":3}},"locations":[{"start":{"line":20,"column":-2},"end":{"line":25,"column":3}}]}},"b":{"0":[4],"1":[4],"2":[2],"3":[0],"4":[0]},"fnMap":{"0":{"name":"<instance_members_initializer>","decl":{"start":{"line":8,"column":22},"end":{"line":8,"column":37}},"loc":{"start":{"line":8,"column":22},"end":{"line":8,"column":37}},"line":8},"1":{"name":"CreateUserUseCase","decl":{"start":{"line":8,"column":2},"end":{"line":8,"column":60}},"loc":{"start":{"line":8,"column":2},"end":{"line":8,"column":60}},"line":8},"2":{"name":"execute","decl":{"start":{"line":10,"column":2},"end":{"line":25,"column":3}},"loc":{"start":{"line":10,"column":2},"end":{"line":25,"column":3}},"line":10}},"f":{"0":4,"1":4,"2":2}}
}
