TN:
SF:src\config\auth.ts
FN:1,Object.<anonymous>
FNF:1
FNH:1
FNDA:1,Object.<anonymous>
DA:1,1
DA:2,1
DA:3,1
DA:4,1
LF:4
LH:4
BRDA:1,0,0,1
BRDA:1,1,0,1
BRF:2
BRH:2
end_of_record
TN:
SF:src\session\createSessionUseCase.ts
FN:20,<instance_members_initializer>
FN:20,CreateSessionUseCase
FN:21,execute
FNF:3
FNH:3
FNDA:3,<instance_members_initializer>
FNDA:3,CreateSessionUseCase
FNDA:1,execute
DA:1,1
DA:2,1
DA:3,1
DA:4,1
DA:5,1
DA:6,1
DA:7,1
DA:8,1
DA:9,1
DA:10,1
DA:11,1
DA:12,1
DA:13,1
DA:14,1
DA:15,1
DA:16,1
DA:17,1
DA:18,1
DA:19,1
DA:20,1
DA:21,1
DA:22,1
DA:23,1
DA:24,1
DA:25,1
DA:26,1
DA:27,1
DA:28,0
DA:29,0
DA:30,0
DA:31,0
DA:32,0
DA:33,0
DA:34,0
DA:35,0
DA:36,0
DA:37,0
DA:38,0
DA:39,0
DA:40,0
DA:41,0
DA:42,0
DA:43,0
DA:44,0
DA:45,0
DA:46,0
DA:47,0
DA:48,0
DA:49,0
DA:50,0
DA:51,0
DA:52,1
DA:53,1
DA:54,1
LF:54
LH:30
BRDA:20,0,0,3
BRDA:20,1,0,3
BRDA:21,2,0,1
BRDA:28,3,0,0
BRF:4
BRH:3
end_of_record
TN:
SF:src\task\entities\task.ts
FN:4,<instance_members_initializer>
FN:12,Task
FNF:2
FNH:2
FNDA:2,<instance_members_initializer>
FNDA:2,Task
DA:1,1
DA:2,1
DA:3,1
DA:4,1
DA:5,2
DA:6,2
DA:7,2
DA:8,2
DA:9,2
DA:10,1
DA:11,1
DA:12,1
DA:13,2
DA:14,2
DA:15,2
DA:16,2
DA:17,2
DA:18,2
DA:19,2
DA:20,2
DA:21,2
DA:22,2
DA:23,2
DA:24,1
DA:25,1
LF:25
LH:25
BRDA:4,0,0,2
BRDA:12,1,0,2
BRF:2
BRH:2
end_of_record
TN:
SF:src\task\repositories\tasksRepositoryInMemory.ts
FN:5,update
FN:10,<instance_members_initializer>
FN:12,create
FN:37,findByName
FN:42,listAllTask
FN:46,findByDone
FN:50,findById
FN:56,deleteById
FNF:8
FNH:4
FNDA:0,update
FNDA:2,<instance_members_initializer>
FNDA:2,create
FNDA:1,findByName
FNDA:1,listAllTask
FNDA:0,findByDone
FNDA:0,findById
FNDA:0,deleteById
DA:1,1
DA:2,1
DA:3,1
DA:4,1
DA:5,1
DA:6,0
DA:7,0
DA:8,1
DA:9,1
DA:10,1
DA:11,1
DA:12,1
DA:13,2
DA:14,2
DA:15,2
DA:16,2
DA:17,2
DA:18,2
DA:19,2
DA:20,2
DA:21,2
DA:22,2
DA:23,2
DA:24,2
DA:25,2
DA:26,2
DA:27,2
DA:28,2
DA:29,2
DA:30,2
DA:31,2
DA:32,2
DA:33,2
DA:34,2
DA:35,2
DA:36,1
DA:37,1
DA:38,1
DA:39,1
DA:40,1
DA:41,1
DA:42,1
DA:43,1
DA:44,1
DA:45,1
DA:46,1
DA:47,0
DA:48,0
DA:49,0
DA:50,1
DA:51,0
DA:52,0
DA:53,0
DA:54,0
DA:55,1
DA:56,1
DA:57,0
DA:58,0
DA:59,0
DA:60,1
DA:61,1
DA:62,1
DA:63,1
LF:63
LH:51
BRDA:10,0,0,2
BRDA:12,1,0,2
BRDA:37,2,0,1
BRDA:42,3,0,1
BRF:4
BRH:4
end_of_record
TN:
SF:src\task\useCases\createTask\taskUseCase.ts
FN:7,<instance_members_initializer>
FN:7,CreateTaskUseCase
FN:10,execute
FNF:3
FNH:3
FNDA:1,<instance_members_initializer>
FNDA:1,CreateTaskUseCase
FNDA:1,execute
DA:1,1
DA:2,1
DA:3,1
DA:4,1
DA:5,1
DA:6,1
DA:7,1
DA:8,1
DA:9,1
DA:10,1
DA:11,1
DA:12,1
DA:13,1
DA:14,1
DA:15,0
DA:16,0
DA:17,1
DA:18,1
DA:19,1
DA:20,1
DA:21,1
DA:22,1
DA:23,1
DA:24,1
DA:25,1
LF:25
LH:23
BRDA:7,0,0,1
BRDA:7,1,0,1
BRDA:10,2,0,1
BRDA:14,3,0,0
BRF:4
BRH:3
end_of_record
TN:
SF:src\task\useCases\listTask\listTasksUseCase.ts
FN:7,<instance_members_initializer>
FN:6,ListTasksUseCase
FN:9,execute
FNF:3
FNH:3
FNDA:1,<instance_members_initializer>
FNDA:1,ListTasksUseCase
FNDA:1,execute
DA:1,1
DA:2,1
DA:3,1
DA:4,1
DA:5,1
DA:6,1
DA:7,1
DA:8,1
DA:9,1
DA:10,1
DA:11,1
DA:12,1
DA:13,1
DA:14,1
DA:15,1
DA:16,1
LF:16
LH:16
BRDA:7,0,0,1
BRDA:6,1,0,1
BRDA:9,2,0,1
BRF:3
BRH:3
end_of_record
TN:
SF:src\user\dto\userModel.ts
FN:3,<instance_members_initializer>
FN:13,User
FNF:2
FNH:0
FNDA:0,<instance_members_initializer>
FNDA:0,User
DA:1,1
DA:2,1
DA:3,1
DA:4,0
DA:5,0
DA:6,0
DA:7,0
DA:8,0
DA:9,0
DA:10,0
DA:11,1
DA:12,1
DA:13,1
DA:14,0
DA:15,0
DA:16,0
DA:17,0
DA:18,0
DA:19,0
DA:20,0
DA:21,0
DA:22,0
DA:23,0
DA:24,0
DA:25,0
DA:26,0
DA:27,0
DA:28,1
DA:29,1
LF:29
LH:8
BRF:0
BRH:0
end_of_record
TN:
SF:src\user\repositories\usersRepositoryInMemory.ts
FN:8,<instance_members_initializer>
FN:10,create
FN:35,findByEmail
FN:43,findById
FN:48,listAllUser
FN:51,update
FNF:6
FNH:2
FNDA:4,<instance_members_initializer>
FNDA:0,create
FNDA:3,findByEmail
FNDA:0,findById
FNDA:0,listAllUser
FNDA:0,update
DA:1,1
DA:2,1
DA:3,1
DA:4,1
DA:5,1
DA:6,1
DA:7,1
DA:8,1
DA:9,1
DA:10,1
DA:11,0
DA:12,0
DA:13,0
DA:14,0
DA:15,0
DA:16,0
DA:17,0
DA:18,0
DA:19,0
DA:20,0
DA:21,0
DA:22,0
DA:23,0
DA:24,0
DA:25,0
DA:26,0
DA:27,0
DA:28,0
DA:29,0
DA:30,0
DA:31,0
DA:32,0
DA:33,0
DA:34,1
DA:35,1
DA:36,3
DA:37,3
DA:38,3
DA:39,3
DA:40,3
DA:41,3
DA:42,1
DA:43,1
DA:44,0
DA:45,0
DA:46,0
DA:47,1
DA:48,1
DA:49,0
DA:50,0
DA:51,1
DA:52,0
DA:53,0
DA:54,1
DA:55,1
DA:56,1
LF:56
LH:26
BRDA:8,0,0,4
BRDA:35,1,0,3
BRF:2
BRH:2
end_of_record
TN:
SF:src\user\useCases\createUser\createUserUseCase.ts.ts
FN:8,<instance_members_initializer>
FN:8,CreateUserUseCase
FN:10,execute
FNF:3
FNH:3
FNDA:4,<instance_members_initializer>
FNDA:4,CreateUserUseCase
FNDA:2,execute
DA:1,1
DA:2,1
DA:3,1
DA:4,1
DA:5,1
DA:6,1
DA:7,1
DA:8,1
DA:9,1
DA:10,1
DA:11,2
DA:12,2
DA:13,2
DA:14,2
DA:15,0
DA:16,0
DA:17,2
DA:18,2
DA:19,2
DA:20,0
DA:21,0
DA:22,0
DA:23,0
DA:24,0
DA:25,0
DA:26,1
DA:27,1
LF:27
LH:19
BRDA:8,0,0,4
BRDA:8,1,0,4
BRDA:10,2,0,2
BRDA:14,3,0,0
BRDA:20,4,0,0
BRF:5
BRH:3
end_of_record
