TN:
SF:src\config\auth.ts
FN:1,Object.<anonymous>
FNF:1
FNH:1
FNDA:1,Object.<anonymous>
DA:1,1
DA:2,1
DA:3,1
DA:4,1
LF:4
LH:4
BRDA:1,0,0,1
BRDA:1,1,0,1
BRF:2
BRH:2
end_of_record
TN:
SF:src\session\createSessionUseCase.ts
FN:20,<instance_members_initializer>
FN:20,CreateSessionUseCase
FN:21,execute
FNF:3
FNH:3
FNDA:3,<instance_members_initializer>
FNDA:3,CreateSessionUseCase
FNDA:1,execute
DA:1,1
DA:2,1
DA:3,1
DA:4,1
DA:5,1
DA:6,1
DA:7,1
DA:8,1
DA:9,1
DA:10,1
DA:11,1
DA:12,1
DA:13,1
DA:14,1
DA:15,1
DA:16,1
DA:17,1
DA:18,1
DA:19,1
DA:20,1
DA:21,1
DA:22,1
DA:23,1
DA:24,1
DA:25,1
DA:26,1
DA:27,1
DA:28,0
DA:29,0
DA:30,0
DA:31,0
DA:32,0
DA:33,0
DA:34,0
DA:35,0
DA:36,0
DA:37,0
DA:38,0
DA:39,0
DA:40,0
DA:41,0
DA:42,0
DA:43,0
DA:44,0
DA:45,0
DA:46,0
DA:47,0
DA:48,0
DA:49,0
DA:50,0
DA:51,0
DA:52,1
DA:53,1
DA:54,1
LF:54
LH:30
BRDA:20,0,0,3
BRDA:20,1,0,3
BRDA:21,2,0,1
BRDA:28,3,0,0
BRF:4
BRH:3
end_of_record
TN:
SF:src\task\entities\task.ts
FN:4,<instance_members_initializer>
FN:15,Task
FNF:2
FNH:2
FNDA:1,<instance_members_initializer>
FNDA:1,Task
DA:1,1
DA:2,1
DA:3,1
DA:4,1
DA:5,1
DA:6,1
DA:7,1
DA:8,1
DA:9,1
DA:10,1
DA:11,1
DA:12,1
DA:13,1
DA:14,1
DA:15,1
DA:16,1
DA:17,1
DA:18,1
DA:19,1
DA:20,1
DA:21,1
DA:22,1
DA:23,1
DA:24,1
DA:25,1
DA:26,1
DA:27,1
DA:28,1
DA:29,1
DA:30,1
DA:31,1
LF:31
LH:31
BRDA:4,0,0,1
BRDA:15,1,0,1
BRF:2
BRH:2
end_of_record
TN:
SF:src\task\repositories\tasksRepositoryInMemory.ts
FN:5,update
FN:10,<instance_members_initializer>
FN:12,create
FN:43,findByName
FN:48,listAllTask
FN:52,findByDone
FN:56,findById
FN:62,deleteById
FNF:8
FNH:3
FNDA:0,update
FNDA:1,<instance_members_initializer>
FNDA:1,create
FNDA:1,findByName
FNDA:0,listAllTask
FNDA:0,findByDone
FNDA:0,findById
FNDA:0,deleteById
DA:1,1
DA:2,1
DA:3,1
DA:4,1
DA:5,1
DA:6,0
DA:7,0
DA:8,1
DA:9,1
DA:10,1
DA:11,1
DA:12,1
DA:13,1
DA:14,1
DA:15,1
DA:16,1
DA:17,1
DA:18,1
DA:19,1
DA:20,1
DA:21,1
DA:22,1
DA:23,1
DA:24,1
DA:25,1
DA:26,1
DA:27,1
DA:28,1
DA:29,1
DA:30,1
DA:31,1
DA:32,1
DA:33,1
DA:34,1
DA:35,1
DA:36,1
DA:37,1
DA:38,1
DA:39,1
DA:40,1
DA:41,1
DA:42,1
DA:43,1
DA:44,1
DA:45,1
DA:46,1
DA:47,1
DA:48,1
DA:49,0
DA:50,0
DA:51,1
DA:52,1
DA:53,0
DA:54,0
DA:55,0
DA:56,1
DA:57,0
DA:58,0
DA:59,0
DA:60,0
DA:61,1
DA:62,1
DA:63,0
DA:64,0
DA:65,0
DA:66,1
DA:67,1
DA:68,1
DA:69,1
LF:69
LH:55
BRDA:10,0,0,1
BRDA:12,1,0,1
BRDA:43,2,0,1
BRF:3
BRH:3
end_of_record
TN:
SF:src\task\useCases\createTask\taskUseCase.ts
FN:7,<instance_members_initializer>
FN:7,CreateTaskUseCase
FN:10,execute
FNF:3
FNH:3
FNDA:1,<instance_members_initializer>
FNDA:1,CreateTaskUseCase
FNDA:1,execute
DA:1,1
DA:2,1
DA:3,1
DA:4,1
DA:5,1
DA:6,1
DA:7,1
DA:8,1
DA:9,1
DA:10,1
DA:11,1
DA:12,1
DA:13,1
DA:14,1
DA:15,0
DA:16,0
DA:17,1
DA:18,1
DA:19,1
DA:20,1
DA:21,1
DA:22,1
DA:23,1
DA:24,1
DA:25,1
LF:25
LH:23
BRDA:7,0,0,1
BRDA:7,1,0,1
BRDA:10,2,0,1
BRDA:14,3,0,0
BRF:4
BRH:3
end_of_record
TN:
SF:src\user\entities\userModel.ts
FN:3,<instance_members_initializer>
FN:13,User
FNF:2
FNH:2
FNDA:1,<instance_members_initializer>
FNDA:1,User
DA:1,1
DA:2,1
DA:3,1
DA:4,1
DA:5,1
DA:6,1
DA:7,1
DA:8,1
DA:9,1
DA:10,1
DA:11,1
DA:12,1
DA:13,1
DA:14,1
DA:15,1
DA:16,1
DA:17,1
DA:18,1
DA:19,1
DA:20,1
DA:21,1
DA:22,1
DA:23,1
DA:24,1
DA:25,1
DA:26,1
DA:27,1
DA:28,1
DA:29,1
LF:29
LH:29
BRDA:3,0,0,1
BRDA:13,1,0,1
BRF:2
BRH:2
end_of_record
TN:
SF:src\user\repositories\usersRepositoryInMemory.ts
FN:7,updateAvatar
FN:11,<instance_members_initializer>
FN:13,create
FN:38,findByEmail
FN:46,findById
FN:51,listAllUser
FN:54,update
FNF:7
FNH:3
FNDA:0,updateAvatar
FNDA:4,<instance_members_initializer>
FNDA:1,create
FNDA:3,findByEmail
FNDA:0,findById
FNDA:0,listAllUser
FNDA:0,update
DA:1,1
DA:2,1
DA:3,1
DA:4,1
DA:5,1
DA:6,1
DA:7,1
DA:8,0
DA:9,0
DA:10,1
DA:11,1
DA:12,1
DA:13,1
DA:14,1
DA:15,1
DA:16,1
DA:17,1
DA:18,1
DA:19,1
DA:20,1
DA:21,1
DA:22,1
DA:23,1
DA:24,1
DA:25,1
DA:26,1
DA:27,1
DA:28,1
DA:29,1
DA:30,1
DA:31,1
DA:32,1
DA:33,1
DA:34,1
DA:35,1
DA:36,1
DA:37,1
DA:38,1
DA:39,3
DA:40,3
DA:41,3
DA:42,3
DA:43,3
DA:44,3
DA:45,1
DA:46,1
DA:47,0
DA:48,0
DA:49,0
DA:50,1
DA:51,1
DA:52,0
DA:53,0
DA:54,1
DA:55,0
DA:56,0
DA:57,1
DA:58,1
DA:59,1
LF:59
LH:50
BRDA:11,0,0,4
BRDA:13,1,0,1
BRDA:38,2,0,3
BRF:3
BRH:3
end_of_record
TN:
SF:src\user\useCases\createUser\createUserUseCase.ts.ts
FN:8,<instance_members_initializer>
FN:8,CreateUserUseCase
FN:10,execute
FNF:3
FNH:3
FNDA:4,<instance_members_initializer>
FNDA:4,CreateUserUseCase
FNDA:2,execute
DA:1,1
DA:2,1
DA:3,1
DA:4,1
DA:5,1
DA:6,1
DA:7,1
DA:8,1
DA:9,1
DA:10,1
DA:11,2
DA:12,2
DA:13,2
DA:14,2
DA:15,0
DA:16,0
DA:17,2
DA:18,1
DA:19,1
DA:20,1
DA:21,1
DA:22,1
DA:23,1
DA:24,1
DA:25,1
DA:26,1
DA:27,1
LF:27
LH:25
BRDA:8,0,0,4
BRDA:8,1,0,4
BRDA:10,2,0,2
BRDA:14,3,0,0
BRDA:17,4,0,1
BRF:5
BRH:4
end_of_record
